2025-12-25 15:38:48 | INFO | CHAT_MESSAGE | Session: 47b651d7... | Role: user | RAG: True | Preview: ممكن تكلمني عن علاقة  قطر وتركيا؟
2025-12-25 15:39:10 | INFO | CHAT_MESSAGE | Session: 47b651d7... | Role: assistant | RAG: True | Sources: 10 | Preview: تتسم علاقة قطر وتركيا بكونها شراكة استراتيجية، حيث:

*   **دعم اقتصادي:** كانت قطر "بمثابة الحليف وا...
2025-12-25 15:49:06 | INFO | CHAT_MESSAGE | Session: 83a610c5... | Role: user | RAG: True | Preview: ممكن تقولي العلاقة بين تركيا وقطر ؟
2025-12-25 16:05:57 | INFO | CHAT_MESSAGE | Session: 52c54c5f... | Role: user | RAG: True | Preview: ممكن تكلمني عن العلاقة بين مصر وتركيا ؟
2025-12-25 16:06:21 | INFO | CHAT_MESSAGE | Session: 52c54c5f... | Role: assistant | RAG: True | Sources: 10 | Preview: تتسم العلاقة بين مصر وتركيا بوجود تحديات إقليمية. فواجهت مصر محاولات تركيا للتموضع في ليبيا، معتبرة ...
2025-12-25 16:10:45 | INFO | CHAT_MESSAGE | Session: ca8373f2... | Role: user | RAG: True | Preview: ممكن تقولي العلاقة بين مصر وتركيا ؟
2025-12-25 16:11:16 | INFO | CHAT_MESSAGE | Session: ca8373f2... | Role: assistant | RAG: True | Sources: 10 | Preview: تتسم العلاقة بين مصر وتركيا بالتحدي والمواجهة في عدة سياقات إقليمية، وتشمل هذه العلاقة ما يلي:

*   ...
2025-12-28 10:25:05 | INFO | CHAT_MESSAGE | Session: cb107309... | Role: user | RAG: True | Preview: ممكن تكملني عن الايرادات الضريبية البيئية ونسبتها من الناتج المحلي الاجمالي؟
2025-12-28 10:25:24 | INFO | CHAT_MESSAGE | Session: cb107309... | Role: assistant | RAG: True | Sources: 10 | Preview: لا أجد معلومات كافية للإجابة عن الإيرادات الضريبية البيئية ونسبتها من الناتج المحلي الإجمالي. السياق...
2025-12-28 10:26:39 | INFO | CHAT_MESSAGE | Session: cb107309... | Role: user | RAG: True | Preview: ممكن تكملني عن الايرادات الضريبية البيئية ونسبتها من الناتج المحلي الاجمالي في استراليا ؟
2025-12-28 10:26:57 | INFO | CHAT_MESSAGE | Session: cb107309... | Role: assistant | RAG: True | Sources: 10 | Preview: لا أجد معلومات كافية للإجابة. لا تتوفر في السياق معلومات حول الإيرادات الضريبية البيئية ونسبتها من ا...
2025-12-28 10:27:39 | INFO | CHAT_MESSAGE | Session: cb107309... | Role: user | RAG: True | Preview: ممكن تقولي عدد سكان دول البريكس 2025؟
2025-12-28 10:27:55 | INFO | CHAT_MESSAGE | Session: cb107309... | Role: assistant | RAG: True | Sources: 10 | Preview: بلغ إجمالي عدد سكان دول البريكس 3885.76 مليون نسبة عام 2025. [مصدر 1 - افاق اقتصادية اغسطس 2025.docx...
2025-12-28 10:28:58 | INFO | CHAT_MESSAGE | Session: cb107309... | Role: user | RAG: True | Preview: جدول (1): الإيرادات الضريبية البيئية ونسبتها للناتج المحلي الإجمالي ونسبتها من إجمالي الإيرادات الضر...
2025-12-28 10:29:17 | INFO | CHAT_MESSAGE | Session: cb107309... | Role: assistant | RAG: True | Sources: 10 | Preview: جدول (1): الإيرادات الضريبية البيئية ونسبتها للناتج المحلي الإجمالي ونسبتها من إجمالي الإيرادات الضر...
2025-12-28 10:35:36 | INFO | CHAT_MESSAGE | Session: 779d060c... | Role: user | RAG: True | Preview: الايرادات الضريبية البيئية ونسبتها من الناتج المحلي الاجمالي لاستراليا
2025-12-28 10:35:54 | INFO | CHAT_MESSAGE | Session: 779d060c... | Role: assistant | RAG: True | Sources: 10 | Preview: وفقًا لجدول (1) في [مصدر 1 - افاق اقتصادية يناير 2025.docx - صفحة 40]، كانت الإيرادات الضريبية البيئ...
2025-12-28 10:36:27 | INFO | CHAT_MESSAGE | Session: 779d060c... | Role: user | RAG: True | Preview: وبالنسبة لفرنسا
2025-12-28 10:36:56 | INFO | CHAT_MESSAGE | Session: 779d060c... | Role: assistant | RAG: True | Sources: 10 | Preview: بالنسبة لفرنسا:

*   **السياسة البيئية:** تطبق الحكومة الفرنسية خطة قومية للبيئة تركز على حماية البي...
2025-12-28 10:37:51 | INFO | CHAT_MESSAGE | Session: 779d060c... | Role: user | RAG: True | Preview: لا الايردات الضريبية ونسبتها من الناتج المحلي الاجمالي لاستراليا؟
2025-12-28 10:38:09 | INFO | CHAT_MESSAGE | Session: 779d060c... | Role: assistant | RAG: True | Sources: 10 | Preview: لا أجد معلومات كافية للإجابة عن الإيرادات الضريبية ونسبتها من الناتج المحلي الإجمالي لأستراليا. السي...
2025-12-28 10:39:01 | INFO | CHAT_MESSAGE | Session: 779d060c... | Role: user | RAG: True | Preview: الايرادات الضريبية البيئية ونسبتها من الناتج المحلي الاجمالي لفرنسا
2025-12-28 10:39:18 | INFO | CHAT_MESSAGE | Session: 779d060c... | Role: assistant | RAG: True | Sources: 10 | Preview: وفقًا لجدول (1) في [مصدر 5 - افاق اقتصادية يناير 2025.docx - صفحة 40]، كانت نسب الإيرادات الضريبية ا...
2025-12-28 10:44:02 | INFO | CHAT_MESSAGE | Session: 779d060c... | Role: user | RAG: True | Preview: ما هي نسبة تقييد السياسات المالية العالمية في 2023؟
2025-12-28 10:44:23 | INFO | CHAT_MESSAGE | Session: 779d060c... | Role: assistant | RAG: True | Sources: 10 | Preview: لا أجد معلومات كافية للإجابة.
2025-12-28 10:48:43 | INFO | CHAT_MESSAGE | Session: 779d060c... | Role: user | RAG: True | Preview: ممكن تقولي احصاءات الايردات في امريكا اللاتينية ومنطقة البحر الكاريبي؟
2025-12-28 10:49:03 | INFO | CHAT_MESSAGE | Session: 779d060c... | Role: assistant | RAG: True | Sources: 10 | Preview: إحصاءات الإيرادات في أمريكا اللاتينية ومنطقة البحر الكاريبي لعام 2022 كالتالي [مصدر 1 - افاق اقتصادي...
2025-12-28 11:00:13 | INFO | CHAT_MESSAGE | Session: 8b1b5280... | Role: user | RAG: True | Preview: ما هي نسبة تقييد السياسات المالية العالمية من دول العالم في 2023؟
2025-12-28 11:00:38 | INFO | CHAT_MESSAGE | Session: 8b1b5280... | Role: assistant | RAG: True | Sources: 10 | Preview: لا أجد معلومات كافية للإجابة.
2025-12-28 11:02:09 | INFO | CHAT_MESSAGE | Session: 8b1b5280... | Role: user | RAG: True | Preview: هي نسبة تقييد السياسات المالية العالمية من دول العالم
2025-12-28 11:02:33 | INFO | CHAT_MESSAGE | Session: 8b1b5280... | Role: assistant | RAG: True | Sources: 10 | Preview: وفقًا للمعلومات المتاحة:

بلغت نسبة الإجراءات التنظيمية التي اتخذتها الدول في عام 2021، والتي تضع ضو...
2025-12-28 11:11:42 | INFO | CHAT_MESSAGE | Session: 5d1a8475... | Role: user | RAG: True | Preview: ما هي نسبة تقييد السياسات المالية العالمية من دول العالم في 2023؟
2025-12-28 11:12:06 | INFO | CHAT_MESSAGE | Session: 5d1a8475... | Role: assistant | RAG: True | Sources: 10 | Preview: لا أجد معلومات كافية للإجابة.
2025-12-28 11:29:33 | INFO | CHAT_MESSAGE | Session: ee6caeba... | Role: user | RAG: True | Preview: ما هي نسبة تقييد السياسات المالية العالمية من دول العالم في 2023؟
2025-12-28 11:30:15 | INFO | CHAT_MESSAGE | Session: ee6caeba... | Role: assistant | RAG: True | Sources: 25 | Preview: لا أجد معلومات كافية للإجابة.
2025-12-28 11:32:28 | INFO | CHAT_MESSAGE | Session: 26de8c33... | Role: user | RAG: True | Preview: ما هي نسبة تقييد السياسات المالية العالمية من دول العالم في 2023؟
2025-12-28 11:33:23 | INFO | CHAT_MESSAGE | Session: 26de8c33... | Role: assistant | RAG: True | Sources: 35 | Preview: لا أجد معلومات كافية للإجابة.
2025-12-28 12:17:52 | INFO | CHAT_MESSAGE | Session: f175b24d... | Role: user | RAG: True | Preview: الايرادات الضريبية البيئية ونسبتها من الناتج المحلي الاجمالي لاستراليا
2025-12-28 12:21:26 | INFO | CHAT_MESSAGE | Session: f703447c... | Role: user | RAG: True | Preview: الايرادات الضريبية البيئية ونسبتها من الناتج المحلي الاجمالي لاستراليا
2025-12-28 12:21:33 | INFO | CHAT_MESSAGE | Session: f703447c... | Role: assistant | RAG: True | Sources: 40 | Preview: الإيرادات الضريبية البيئية ونسبتها من الناتج المحلي الإجمالي لأستراليا خلال الفترة (2017-2022) هي كا...
2025-12-28 12:21:59 | INFO | CHAT_MESSAGE | Session: f703447c... | Role: user | RAG: True | Preview: ما هي نسبة تقييد السياسات المالية العالمية من دول العالم في 2023؟
2025-12-28 12:22:06 | INFO | CHAT_MESSAGE | Session: f703447c... | Role: assistant | RAG: True | Sources: 40 | Preview: في عام 2023، قامت نصف الاقتصادات العالمية فقط بتشديد سياستها المالية.
المصدر: [مصدر 40 - افاق اقتصاد...
2025-12-28 12:22:31 | INFO | CHAT_MESSAGE | Session: f703447c... | Role: user | RAG: True | Preview: عدد مشتركين التليفون الثابت في مصر ؟
2025-12-28 12:22:46 | INFO | CHAT_MESSAGE | Session: f703447c... | Role: assistant | RAG: True | Sources: 40 | Preview: بلغ عدد مشتركي التليفون الثابت في مصر 13.6 مليون مشترك في يونيو 2025.

المصدر: [مصدر 35 - افاق اقتصا...
2025-12-28 12:23:11 | INFO | CHAT_MESSAGE | Session: f703447c... | Role: user | RAG: True | Preview: ماهو اجمالي عدد سكان دول البريكس عام 2025؟
2025-12-28 12:26:19 | INFO | CHAT_MESSAGE | Session: f703447c... | Role: user | RAG: True | Preview: ماهو اجمالي عدد سكان دول البريكس عام 2025؟
2025-12-28 12:27:35 | INFO | CHAT_MESSAGE | Session: 1546ab19... | Role: user | RAG: True | Preview: ماهو اجمالي عدد سكان دول البريكس عام 2025؟
2025-12-28 12:30:52 | INFO | CHAT_MESSAGE | Session: bb6dffe8... | Role: user | RAG: True | Preview: ماهو اجمالي عدد سكان دول البريكس عام 2025؟
2025-12-28 12:30:58 | INFO | CHAT_MESSAGE | Session: bb6dffe8... | Role: assistant | RAG: True | Sources: 40 | Preview: يبلغ إجمالي عدد سكان دول البريكس 3885.76 مليون نسمة عام 2025.

[المصدر: افاق اقتصادية اغسطس 2025.doc...
2025-12-28 14:05:33 | INFO | CHAT_MESSAGE | Session: 22ab4ede... | Role: user | RAG: True | Preview: عدد مشتركين التليفون الثابت في مصر ؟
2025-12-28 14:05:46 | INFO | CHAT_MESSAGE | Session: 22ab4ede... | Role: assistant | RAG: True | Sources: 40 | Preview: وصل عدد مشتركي التليفون الثابت في مصر إلى 13.6 مليون مشترك في يونيو 2025.

المصدر: [مصدر 35 - افاق ا...
2025-12-28 14:22:45 | INFO | CHAT_MESSAGE | Session: d1aa3255... | Role: user | RAG: True | Preview: عدد مشتركين التليفون الثابت في مصر ؟
2025-12-28 14:22:58 | INFO | CHAT_MESSAGE | Session: d1aa3255... | Role: assistant | RAG: True | Sources: 40 | Preview: بلغ عدد مشتركي التليفون الثابت في مصر 13.6 مليون مشترك في يونيو 2025.

المصدر: افاق اقتصادية سبتمبر ...
2025-12-28 14:30:56 | INFO | CHAT_MESSAGE | Session: 60ab1026... | Role: user | RAG: True | Preview: الايرادات الضريبية البيئية ونسبتها من الناتج المحلي الاجمالي لاستراليا
2025-12-28 14:31:04 | INFO | CHAT_MESSAGE | Session: 60ab1026... | Role: assistant | RAG: True | Sources: 40 | Preview: الايرادات الضريبية البيئية ونسبتها من الناتج المحلي الإجمالي لأستراليا خلال الفترة (2017-2022) هي كم...
2025-12-30 12:59:59 | INFO | CHAT_MESSAGE | Session: 114d3371... | Role: user | RAG: True | Preview: عدد مشتركين التليفون الثابت في مصر ؟
2025-12-30 13:00:14 | INFO | CHAT_MESSAGE | Session: 114d3371... | Role: assistant | RAG: True | Sources: 40 | Preview: بلغ عدد مشتركي التليفون الثابت في مصر 13.6 مليون مشترك في يونيو 2025.

المصدر: افاق اقتصادية سبتمبر ...
2025-12-30 16:49:09 | INFO | CHAT_MESSAGE | Session: 2f0818cf... | Role: user | RAG: True | Preview: ممكن توضحلي العلاقة بين مصر وتركيا الفترة الاخيرة ؟
2025-12-30 16:49:23 | INFO | CHAT_MESSAGE | Session: 2f0818cf... | Role: assistant | RAG: True | Sources: 40 | Preview: شهدت العلاقات المصرية التركية تقاربًا ملموسًا مؤخرًا لطي صفحة الخلافات السياسية التي تجاوزت عشر سنوا...
2025-12-30 16:50:07 | INFO | CHAT_MESSAGE | Session: 2f0818cf... | Role: user | RAG: True | Preview: عدد مشتركين التليفون الثابت في مصر ؟
2025-12-30 16:50:21 | INFO | CHAT_MESSAGE | Session: 2f0818cf... | Role: assistant | RAG: True | Sources: 40 | Preview: بلغ عدد مشتركي التليفون الثابت في مصر 13.6 مليون مشترك في يونيو 2025. [مصدر 35 - افاق اقتصادية سبتمب...
2025-12-30 16:51:07 | INFO | CHAT_MESSAGE | Session: 2f0818cf... | Role: user | RAG: True | Preview: ماهو عدد سكان دول البريكس 2025؟
2025-12-30 16:51:12 | INFO | CHAT_MESSAGE | Session: 2f0818cf... | Role: assistant | RAG: True | Sources: 40 | Preview: بلغ إجمالي عدد سكان دول البريكس 3885.76 مليون نسمة عام 2025. [مصدر 1 - افاق اقتصادية اغسطس 2025.docx...
