2025-12-25 15:37:53 | INFO | SessionManager initialized
2025-12-25 15:37:53 | INFO | GeminiRAGChat initializing...
2025-12-25 15:38:03 | INFO | SYSTEM_STATUS | Documents: 2795 | Active Sessions: 0 | RAG Enabled: True
2025-12-25 15:38:03 | INFO | GeminiRAGChat initialized successfully
2025-12-25 15:38:12 | INFO | SESSION_CREATED | ID: 47b651d7... | Metadata: {"status": "new", "total_sessions": 1}
2025-12-25 15:38:17 | INFO | SYSTEM_STATUS | Documents: 2795 | Active Sessions: 1 | RAG Enabled: True
2025-12-25 15:38:46 | INFO | SYSTEM_STATUS | Documents: 2795 | Active Sessions: 1 | RAG Enabled: True
2025-12-25 15:48:22 | INFO | SessionManager initialized
2025-12-25 15:48:22 | INFO | GeminiRAGChat initializing...
2025-12-25 15:48:24 | INFO | GeminiRAGChat initialized successfully
2025-12-25 15:49:06 | INFO | SESSION_CREATED | ID: 83a610c5... | Metadata: {"status": "new", "total_sessions": 1}
2025-12-25 16:05:00 | INFO | SessionManager initialized
2025-12-25 16:05:00 | INFO | GeminiRAGChat initializing...
2025-12-25 16:05:12 | INFO | SYSTEM_STATUS | Documents: 2795 | Active Sessions: 0 | RAG Enabled: True
2025-12-25 16:05:12 | INFO | GeminiRAGChat initialized successfully
2025-12-25 16:05:29 | INFO | SESSION_CREATED | ID: 52c54c5f... | Metadata: {"status": "new", "total_sessions": 1}
2025-12-25 16:05:33 | INFO | SYSTEM_STATUS | Documents: 2795 | Active Sessions: 1 | RAG Enabled: True
2025-12-25 16:05:55 | INFO | SYSTEM_STATUS | Documents: 2795 | Active Sessions: 1 | RAG Enabled: True
2025-12-25 16:07:39 | INFO | SessionManager initialized
2025-12-25 16:07:39 | INFO | GeminiRAGChat initializing...
2025-12-25 16:07:48 | INFO | SYSTEM_STATUS | Documents: 2795 | Active Sessions: 0 | RAG Enabled: True
2025-12-25 16:07:48 | INFO | GeminiRAGChat initialized successfully
2025-12-25 16:10:03 | INFO | SESSION_CREATED | ID: ca8373f2... | Metadata: {"status": "new", "total_sessions": 1}
2025-12-25 16:10:08 | INFO | SYSTEM_STATUS | Documents: 2795 | Active Sessions: 1 | RAG Enabled: True
2025-12-25 16:10:43 | INFO | SYSTEM_STATUS | Documents: 2795 | Active Sessions: 1 | RAG Enabled: True
2025-12-25 16:17:06 | INFO | SessionManager initialized
2025-12-25 16:17:06 | INFO | GeminiRAGChat initializing...
2025-12-25 16:17:16 | INFO | SYSTEM_STATUS | Documents: 2795 | Active Sessions: 0 | RAG Enabled: True
2025-12-25 16:17:16 | INFO | GeminiRAGChat initialized successfully
2025-12-25 16:34:35 | INFO | SessionManager initialized
2025-12-25 16:34:35 | INFO | GeminiRAGChat initializing...
2025-12-25 16:34:46 | INFO | SYSTEM_STATUS | Documents: 2795 | Active Sessions: 0 | RAG Enabled: True
2025-12-25 16:34:46 | INFO | GeminiRAGChat initialized successfully
2025-12-25 16:51:59 | INFO | SessionManager initialized
2025-12-25 16:51:59 | INFO | GeminiRAGChat initializing...
2025-12-25 16:52:11 | INFO | SYSTEM_STATUS | Documents: 2795 | Active Sessions: 0 | RAG Enabled: True
2025-12-25 16:52:11 | INFO | GeminiRAGChat initialized successfully
2025-12-25 16:55:13 | INFO | SessionManager initialized
2025-12-25 16:55:13 | INFO | GeminiRAGChat initializing...
2025-12-25 16:55:25 | INFO | SYSTEM_STATUS | Documents: 2795 | Active Sessions: 0 | RAG Enabled: True
2025-12-25 16:55:25 | INFO | GeminiRAGChat initialized successfully
2025-12-25 16:58:50 | INFO | SessionManager initialized
2025-12-25 16:58:50 | INFO | GeminiRAGChat initializing...
2025-12-25 16:59:01 | INFO | SYSTEM_STATUS | Documents: 2795 | Active Sessions: 0 | RAG Enabled: True
2025-12-25 16:59:01 | INFO | GeminiRAGChat initialized successfully
2025-12-28 10:22:33 | INFO | SessionManager initialized
2025-12-28 10:22:33 | INFO | GeminiRAGChat initializing...
2025-12-28 10:22:44 | INFO | SYSTEM_STATUS | Documents: 2795 | Active Sessions: 0 | RAG Enabled: True
2025-12-28 10:22:44 | INFO | GeminiRAGChat initialized successfully
2025-12-28 10:22:47 | INFO | SESSION_CREATED | ID: cb107309... | Metadata: {"status": "new", "total_sessions": 1}
2025-12-28 10:22:51 | INFO | SYSTEM_STATUS | Documents: 2795 | Active Sessions: 1 | RAG Enabled: True
2025-12-28 10:25:03 | INFO | SYSTEM_STATUS | Documents: 2795 | Active Sessions: 1 | RAG Enabled: True
2025-12-28 10:26:37 | INFO | SYSTEM_STATUS | Documents: 2795 | Active Sessions: 1 | RAG Enabled: True
2025-12-28 10:27:37 | INFO | SYSTEM_STATUS | Documents: 2795 | Active Sessions: 1 | RAG Enabled: True
2025-12-28 10:28:56 | INFO | SYSTEM_STATUS | Documents: 2795 | Active Sessions: 1 | RAG Enabled: True
2025-12-28 10:33:42 | INFO | SessionManager initialized
2025-12-28 10:33:42 | INFO | GeminiRAGChat initializing...
2025-12-28 10:33:53 | INFO | SYSTEM_STATUS | Documents: 2795 | Active Sessions: 0 | RAG Enabled: True
2025-12-28 10:33:53 | INFO | GeminiRAGChat initialized successfully
2025-12-28 10:34:12 | INFO | SESSION_CREATED | ID: 779d060c... | Metadata: {"status": "new", "total_sessions": 1}
2025-12-28 10:34:17 | INFO | SYSTEM_STATUS | Documents: 2795 | Active Sessions: 1 | RAG Enabled: True
2025-12-28 10:35:33 | INFO | SYSTEM_STATUS | Documents: 2795 | Active Sessions: 1 | RAG Enabled: True
2025-12-28 10:36:25 | INFO | SYSTEM_STATUS | Documents: 2795 | Active Sessions: 1 | RAG Enabled: True
2025-12-28 10:37:49 | INFO | SYSTEM_STATUS | Documents: 2795 | Active Sessions: 1 | RAG Enabled: True
2025-12-28 10:38:59 | INFO | SYSTEM_STATUS | Documents: 2795 | Active Sessions: 1 | RAG Enabled: True
2025-12-28 10:44:00 | INFO | SYSTEM_STATUS | Documents: 2795 | Active Sessions: 1 | RAG Enabled: True
2025-12-28 10:48:41 | INFO | SYSTEM_STATUS | Documents: 2795 | Active Sessions: 1 | RAG Enabled: True
2025-12-28 10:57:01 | INFO | SessionManager initialized
2025-12-28 10:57:01 | INFO | GeminiRAGChat initializing...
2025-12-28 10:57:11 | INFO | SYSTEM_STATUS | Documents: 2795 | Active Sessions: 0 | RAG Enabled: True
2025-12-28 10:57:11 | INFO | GeminiRAGChat initialized successfully
2025-12-28 11:00:13 | INFO | SESSION_CREATED | ID: 8b1b5280... | Metadata: {"status": "new", "total_sessions": 1}
2025-12-28 11:02:07 | INFO | SYSTEM_STATUS | Documents: 2795 | Active Sessions: 1 | RAG Enabled: True
2025-12-28 11:11:11 | INFO | SessionManager initialized
2025-12-28 11:11:11 | INFO | GeminiRAGChat initializing...
2025-12-28 11:11:21 | INFO | SYSTEM_STATUS | Documents: 2795 | Active Sessions: 0 | RAG Enabled: True
2025-12-28 11:11:21 | INFO | GeminiRAGChat initialized successfully
2025-12-28 11:11:21 | INFO | SESSION_CREATED | ID: 5d1a8475... | Metadata: {"status": "new", "total_sessions": 1}
2025-12-28 11:11:26 | INFO | SYSTEM_STATUS | Documents: 2795 | Active Sessions: 1 | RAG Enabled: True
2025-12-28 11:11:40 | INFO | SYSTEM_STATUS | Documents: 2795 | Active Sessions: 1 | RAG Enabled: True
2025-12-28 11:28:58 | INFO | SessionManager initialized
2025-12-28 11:28:58 | INFO | GeminiRAGChat initializing...
2025-12-28 11:29:07 | INFO | SYSTEM_STATUS | Documents: 2795 | Active Sessions: 0 | RAG Enabled: True
2025-12-28 11:29:07 | INFO | GeminiRAGChat initialized successfully
2025-12-28 11:29:08 | INFO | SESSION_CREATED | ID: ee6caeba... | Metadata: {"status": "new", "total_sessions": 1}
2025-12-28 11:29:12 | INFO | SYSTEM_STATUS | Documents: 2795 | Active Sessions: 1 | RAG Enabled: True
2025-12-28 11:29:31 | INFO | SYSTEM_STATUS | Documents: 2795 | Active Sessions: 1 | RAG Enabled: True
2025-12-28 11:31:25 | INFO | SessionManager initialized
2025-12-28 11:31:25 | INFO | GeminiRAGChat initializing...
2025-12-28 11:31:35 | INFO | SYSTEM_STATUS | Documents: 2795 | Active Sessions: 0 | RAG Enabled: True
2025-12-28 11:31:35 | INFO | GeminiRAGChat initialized successfully
2025-12-28 11:31:36 | INFO | SessionManager initialized
2025-12-28 11:31:36 | INFO | GeminiRAGChat initializing...
2025-12-28 11:31:45 | INFO | SYSTEM_STATUS | Documents: 2795 | Active Sessions: 0 | RAG Enabled: True
2025-12-28 11:31:45 | INFO | GeminiRAGChat initialized successfully
2025-12-28 11:32:08 | INFO | SESSION_CREATED | ID: 26de8c33... | Metadata: {"status": "new", "total_sessions": 1}
2025-12-28 11:32:12 | INFO | SYSTEM_STATUS | Documents: 2795 | Active Sessions: 1 | RAG Enabled: True
2025-12-28 11:32:25 | INFO | SYSTEM_STATUS | Documents: 2795 | Active Sessions: 1 | RAG Enabled: True
2025-12-28 12:17:13 | INFO | SessionManager initialized
2025-12-28 12:17:13 | INFO | GeminiRAGChat initializing...
2025-12-28 12:17:25 | INFO | SYSTEM_STATUS | Documents: 2795 | Active Sessions: 0 | RAG Enabled: True
2025-12-28 12:17:25 | INFO | GeminiRAGChat initialized successfully
2025-12-28 12:17:35 | INFO | SESSION_CREATED | ID: f175b24d... | Metadata: {"status": "new", "total_sessions": 1}
2025-12-28 12:17:39 | INFO | SYSTEM_STATUS | Documents: 2795 | Active Sessions: 1 | RAG Enabled: True
2025-12-28 12:17:50 | INFO | SYSTEM_STATUS | Documents: 2795 | Active Sessions: 1 | RAG Enabled: True
2025-12-28 12:20:33 | INFO | SessionManager initialized
2025-12-28 12:20:33 | INFO | GeminiRAGChat initializing...
2025-12-28 12:20:45 | INFO | SYSTEM_STATUS | Documents: 2795 | Active Sessions: 0 | RAG Enabled: True
2025-12-28 12:20:45 | INFO | GeminiRAGChat initialized successfully
2025-12-28 12:21:04 | INFO | SESSION_CREATED | ID: f703447c... | Metadata: {"status": "new", "total_sessions": 1}
2025-12-28 12:21:09 | INFO | SYSTEM_STATUS | Documents: 2795 | Active Sessions: 1 | RAG Enabled: True
2025-12-28 12:21:24 | INFO | SYSTEM_STATUS | Documents: 2795 | Active Sessions: 1 | RAG Enabled: True
2025-12-28 12:21:57 | INFO | SYSTEM_STATUS | Documents: 2795 | Active Sessions: 1 | RAG Enabled: True
2025-12-28 12:22:29 | INFO | SYSTEM_STATUS | Documents: 2795 | Active Sessions: 1 | RAG Enabled: True
2025-12-28 12:23:09 | INFO | SYSTEM_STATUS | Documents: 2795 | Active Sessions: 1 | RAG Enabled: True
2025-12-28 12:26:17 | INFO | SYSTEM_STATUS | Documents: 2795 | Active Sessions: 1 | RAG Enabled: True
2025-12-28 12:27:12 | INFO | SESSION_CREATED | ID: 1546ab19... | Metadata: {"status": "new", "total_sessions": 2}
2025-12-28 12:27:16 | INFO | SYSTEM_STATUS | Documents: 2795 | Active Sessions: 2 | RAG Enabled: True
2025-12-28 12:27:33 | INFO | SYSTEM_STATUS | Documents: 2795 | Active Sessions: 2 | RAG Enabled: True
2025-12-28 12:30:13 | INFO | SessionManager initialized
2025-12-28 12:30:13 | INFO | GeminiRAGChat initializing...
2025-12-28 12:30:25 | INFO | SYSTEM_STATUS | Documents: 2795 | Active Sessions: 0 | RAG Enabled: True
2025-12-28 12:30:25 | INFO | GeminiRAGChat initialized successfully
2025-12-28 12:30:29 | INFO | SESSION_CREATED | ID: 8d878aa3... | Metadata: {"status": "new", "total_sessions": 1}
2025-12-28 12:30:33 | INFO | SYSTEM_STATUS | Documents: 2795 | Active Sessions: 1 | RAG Enabled: True
2025-12-28 12:30:35 | INFO | SESSION_CREATED | ID: bb6dffe8... | Metadata: {"status": "new", "total_sessions": 2}
2025-12-28 12:30:39 | INFO | SYSTEM_STATUS | Documents: 2795 | Active Sessions: 2 | RAG Enabled: True
2025-12-28 12:30:50 | INFO | SYSTEM_STATUS | Documents: 2795 | Active Sessions: 2 | RAG Enabled: True
2025-12-28 14:03:22 | INFO | SessionManager initialized
2025-12-28 14:03:22 | INFO | GeminiRAGChat initializing...
2025-12-28 14:03:34 | INFO | SYSTEM_STATUS | Documents: 2795 | Active Sessions: 0 | RAG Enabled: True
2025-12-28 14:03:34 | INFO | GeminiRAGChat initialized successfully
2025-12-28 14:04:02 | INFO | SESSION_CREATED | ID: 22ab4ede... | Metadata: {"status": "new", "total_sessions": 1}
2025-12-28 14:04:02 | INFO | SYSTEM_STATUS | Documents: 2795 | Active Sessions: 1 | RAG Enabled: True
2025-12-28 14:21:49 | INFO | SessionManager initialized
2025-12-28 14:21:49 | INFO | GeminiRAGChat initializing...
2025-12-28 14:21:59 | INFO | SYSTEM_STATUS | Documents: 2795 | Active Sessions: 0 | RAG Enabled: True
2025-12-28 14:21:59 | INFO | GeminiRAGChat initialized successfully
2025-12-28 14:22:23 | INFO | SESSION_CREATED | ID: d1aa3255... | Metadata: {"status": "new", "total_sessions": 1}
2025-12-28 14:22:23 | INFO | SYSTEM_STATUS | Documents: 2795 | Active Sessions: 1 | RAG Enabled: True
2025-12-28 14:22:58 | INFO | SYSTEM_STATUS | Documents: 2795 | Active Sessions: 1 | RAG Enabled: True
2025-12-28 14:25:42 | INFO | SessionManager initialized
2025-12-28 14:25:42 | INFO | GeminiRAGChat initializing...
2025-12-28 14:25:53 | INFO | SYSTEM_STATUS | Documents: 2795 | Active Sessions: 0 | RAG Enabled: True
2025-12-28 14:25:53 | INFO | GeminiRAGChat initialized successfully
2025-12-28 14:25:59 | INFO | SESSION_CREATED | ID: 357cf876... | Metadata: {"status": "new", "total_sessions": 1}
2025-12-28 14:25:59 | INFO | SYSTEM_STATUS | Documents: 2795 | Active Sessions: 1 | RAG Enabled: True
2025-12-28 14:27:06 | INFO | SessionManager initialized
2025-12-28 14:27:06 | INFO | GeminiRAGChat initializing...
2025-12-28 14:27:17 | INFO | SYSTEM_STATUS | Documents: 2795 | Active Sessions: 0 | RAG Enabled: True
2025-12-28 14:27:17 | INFO | GeminiRAGChat initialized successfully
2025-12-28 14:28:28 | INFO | SessionManager initialized
2025-12-28 14:28:28 | INFO | GeminiRAGChat initializing...
2025-12-28 14:28:38 | INFO | SYSTEM_STATUS | Documents: 2795 | Active Sessions: 0 | RAG Enabled: True
2025-12-28 14:28:38 | INFO | GeminiRAGChat initialized successfully
2025-12-28 14:28:51 | INFO | SESSION_CREATED | ID: c7182945... | Metadata: {"status": "new", "total_sessions": 1}
2025-12-28 14:28:52 | INFO | SYSTEM_STATUS | Documents: 2795 | Active Sessions: 1 | RAG Enabled: True
2025-12-28 14:30:30 | INFO | SessionManager initialized
2025-12-28 14:30:30 | INFO | GeminiRAGChat initializing...
2025-12-28 14:30:41 | INFO | SYSTEM_STATUS | Documents: 2795 | Active Sessions: 0 | RAG Enabled: True
2025-12-28 14:30:41 | INFO | GeminiRAGChat initialized successfully
2025-12-28 14:30:45 | INFO | SESSION_CREATED | ID: 60ab1026... | Metadata: {"status": "new", "total_sessions": 1}
2025-12-28 14:30:45 | INFO | SYSTEM_STATUS | Documents: 2795 | Active Sessions: 1 | RAG Enabled: True
2025-12-28 14:31:04 | INFO | SYSTEM_STATUS | Documents: 2795 | Active Sessions: 1 | RAG Enabled: True
2025-12-28 14:32:30 | INFO | SessionManager initialized
2025-12-28 14:32:30 | INFO | GeminiRAGChat initializing...
2025-12-28 14:32:41 | INFO | SYSTEM_STATUS | Documents: 2795 | Active Sessions: 0 | RAG Enabled: True
2025-12-28 14:32:41 | INFO | GeminiRAGChat initialized successfully
2025-12-28 14:32:47 | INFO | SESSION_CREATED | ID: 47888b58... | Metadata: {"status": "new", "total_sessions": 1}
2025-12-28 14:32:47 | INFO | SYSTEM_STATUS | Documents: 2795 | Active Sessions: 1 | RAG Enabled: True
2025-12-30 12:58:07 | INFO | SessionManager initialized
2025-12-30 12:58:07 | INFO | GeminiRAGChat initializing...
2025-12-30 12:58:18 | INFO | SYSTEM_STATUS | Documents: 2795 | Active Sessions: 0 | RAG Enabled: True
2025-12-30 12:58:18 | INFO | GeminiRAGChat initialized successfully
2025-12-30 12:58:47 | INFO | SESSION_CREATED | ID: 114d3371... | Metadata: {"status": "new", "total_sessions": 1}
2025-12-30 12:58:47 | INFO | SYSTEM_STATUS | Documents: 2795 | Active Sessions: 1 | RAG Enabled: True
2025-12-30 13:00:14 | INFO | SYSTEM_STATUS | Documents: 2795 | Active Sessions: 1 | RAG Enabled: True
2025-12-30 14:08:38 | INFO | SessionManager initialized
2025-12-30 14:08:38 | INFO | GeminiRAGChat initializing...
2025-12-30 14:08:49 | INFO | SYSTEM_STATUS | Documents: 2795 | Active Sessions: 0 | RAG Enabled: True
2025-12-30 14:08:49 | INFO | GeminiRAGChat initialized successfully
2025-12-30 14:08:54 | INFO | SESSION_CREATED | ID: 3abdb99e... | Metadata: {"status": "new", "total_sessions": 1}
2025-12-30 14:08:54 | INFO | SYSTEM_STATUS | Documents: 2795 | Active Sessions: 1 | RAG Enabled: True
2025-12-30 14:08:55 | INFO | SESSION_CREATED | ID: 36b3e927... | Metadata: {"status": "new", "total_sessions": 2}
2025-12-30 14:08:55 | INFO | SYSTEM_STATUS | Documents: 2795 | Active Sessions: 2 | RAG Enabled: True
2025-12-30 15:55:21 | INFO | SessionManager initialized
2025-12-30 15:55:21 | INFO | GeminiRAGChat initializing...
2025-12-30 15:55:27 | INFO | SYSTEM_STATUS | Documents: 2795 | Active Sessions: 0 | RAG Enabled: True
2025-12-30 15:55:27 | INFO | GeminiRAGChat initialized successfully
2025-12-30 15:55:40 | INFO | SESSION_CREATED | ID: 945210eb... | Metadata: {"status": "new", "total_sessions": 1}
2025-12-30 15:55:40 | INFO | SYSTEM_STATUS | Documents: 2795 | Active Sessions: 1 | RAG Enabled: True
2025-12-30 16:46:03 | INFO | SessionManager initialized
2025-12-30 16:46:03 | INFO | GeminiRAGChat initializing...
2025-12-30 16:46:13 | INFO | SYSTEM_STATUS | Documents: 2795 | Active Sessions: 0 | RAG Enabled: True
2025-12-30 16:46:13 | INFO | GeminiRAGChat initialized successfully
2025-12-30 16:46:14 | INFO | SESSION_CREATED | ID: 2f0818cf... | Metadata: {"status": "new", "total_sessions": 1}
2025-12-30 16:46:14 | INFO | SYSTEM_STATUS | Documents: 2795 | Active Sessions: 1 | RAG Enabled: True
2025-12-30 16:49:24 | INFO | SYSTEM_STATUS | Documents: 2795 | Active Sessions: 1 | RAG Enabled: True
2025-12-30 16:50:21 | INFO | SYSTEM_STATUS | Documents: 2795 | Active Sessions: 1 | RAG Enabled: True
2025-12-30 16:51:12 | INFO | SYSTEM_STATUS | Documents: 2795 | Active Sessions: 1 | RAG Enabled: True
2025-12-30 17:46:44 | INFO | SessionManager initialized
2025-12-30 17:46:44 | INFO | GeminiRAGChat initializing...
2025-12-30 17:46:52 | INFO | SYSTEM_STATUS | Documents: 2795 | Active Sessions: 0 | RAG Enabled: True
2025-12-30 17:46:52 | INFO | GeminiRAGChat initialized successfully
2025-12-30 17:46:57 | INFO | SESSION_CREATED | ID: 800eb8ff... | Metadata: {"status": "new", "total_sessions": 1}
2025-12-30 17:46:57 | INFO | SYSTEM_STATUS | Documents: 2795 | Active Sessions: 1 | RAG Enabled: True
2025-12-30 18:04:21 | INFO | SessionManager initialized
2025-12-30 18:04:21 | INFO | GeminiRAGChat initializing...
2025-12-30 18:04:26 | INFO | SYSTEM_STATUS | Documents: 2795 | Active Sessions: 0 | RAG Enabled: True
2025-12-30 18:04:26 | INFO | GeminiRAGChat initialized successfully
2025-12-31 09:20:46 | INFO | SessionManager initialized
2025-12-31 09:20:46 | INFO | GeminiRAGChat initializing...
2025-12-31 09:20:56 | INFO | SYSTEM_STATUS | Documents: 2795 | Active Sessions: 0 | RAG Enabled: True
2025-12-31 09:20:56 | INFO | GeminiRAGChat initialized successfully
2025-12-31 09:20:58 | INFO | SESSION_CREATED | ID: 4cfe69ea... | Metadata: {"status": "new", "total_sessions": 1}
2025-12-31 09:20:58 | INFO | SYSTEM_STATUS | Documents: 2795 | Active Sessions: 1 | RAG Enabled: True
2025-12-31 09:21:58 | INFO | SESSION_CREATED | ID: 2dc8e0ea... | Metadata: {"status": "new", "total_sessions": 2}
2025-12-31 09:21:58 | INFO | SYSTEM_STATUS | Documents: 2795 | Active Sessions: 2 | RAG Enabled: True
2025-12-31 09:22:00 | INFO | SESSION_CREATED | ID: 5366f38a... | Metadata: {"status": "new", "total_sessions": 3}
2025-12-31 09:22:00 | INFO | SYSTEM_STATUS | Documents: 2795 | Active Sessions: 3 | RAG Enabled: True
2025-12-31 09:22:26 | INFO | SessionManager initialized
2025-12-31 09:22:26 | INFO | GeminiRAGChat initializing...
2025-12-31 09:22:37 | INFO | SYSTEM_STATUS | Documents: 2795 | Active Sessions: 0 | RAG Enabled: True
2025-12-31 09:22:37 | INFO | GeminiRAGChat initialized successfully
2025-12-31 09:22:38 | INFO | SESSION_CREATED | ID: b52c2030... | Metadata: {"status": "new", "total_sessions": 1}
2025-12-31 09:22:38 | INFO | SYSTEM_STATUS | Documents: 2795 | Active Sessions: 1 | RAG Enabled: True
2025-12-31 09:27:16 | INFO | SESSION_CREATED | ID: 6543197e... | Metadata: {"status": "new", "total_sessions": 2}
2025-12-31 09:27:16 | INFO | SYSTEM_STATUS | Documents: 2795 | Active Sessions: 2 | RAG Enabled: True
2025-12-31 09:27:18 | INFO | SESSION_CREATED | ID: dac45f9c... | Metadata: {"status": "new", "total_sessions": 3}
2025-12-31 09:27:18 | INFO | SYSTEM_STATUS | Documents: 2795 | Active Sessions: 3 | RAG Enabled: True
2025-12-31 09:33:29 | INFO | SessionManager initialized
2025-12-31 09:33:29 | INFO | GeminiRAGChat initializing...
2025-12-31 09:33:43 | INFO | SYSTEM_STATUS | Documents: 2795 | Active Sessions: 0 | RAG Enabled: True
2025-12-31 09:33:43 | INFO | GeminiRAGChat initialized successfully
